<?xml version="1.0" encoding="UTF-8"?>
<!-- Generated by org.testng.reporters.JUnitReportReporter -->
<testsuite hostname="DESKTOP-3R73L8V" failures="0" tests="1" name="testCases.TC_001_AccountRegistration" time="7.646" errors="0" timestamp="2022-01-03T06:50:11 IST" skipped="0">
  <testcase classname="testCases.TC_001_AccountRegistration" name="test_account_Registration" time="7.646"/>
  <system-out/>
</testsuite> <!-- testCases.TC_001_AccountRegistration -->
