<?xml version="1.0" encoding="UTF-8"?>
<!-- Generated by org.testng.reporters.JUnitReportReporter -->
<testsuite hostname="DESKTOP-3R73L8V" failures="0" tests="1" name="testCases.TC_002_Login" time="5.267" errors="0" timestamp="2022-01-03T06:47:51 IST" skipped="0">
  <testcase classname="testCases.TC_002_Login" name="test_Login" time="5.267"/>
  <system-out/>
</testsuite> <!-- testCases.TC_002_Login -->
